2026-04-15 15:22:45.457 [http-nio-3030-exec-9] DEBUG com.caohao.dao.UserDao.queryAllByLimit - ==>  Preparing: select user_name, password, nick_name, real_name, phone, identity_num, address, role, create_time, update_time, id, integral, credit, avatar, deleted, email from user WHERE user_name = ?
2026-04-15 15:22:45.463 [http-nio-3030-exec-4] DEBUG com.caohao.dao.UserDao.queryAllByLimit - ==>  Preparing: select user_name, password, nick_name, real_name, phone, identity_num, address, role, create_time, update_time, id, integral, credit, avatar, deleted, email from user WHERE user_name = ?
2026-04-15 15:22:45.457 [http-nio-3030-exec-1] DEBUG com.caohao.dao.UserDao.queryAllByLimit - ==>  Preparing: select user_name, password, nick_name, real_name, phone, identity_num, address, role, create_time, update_time, id, integral, credit, avatar, deleted, email from user WHERE user_name = ?
2026-04-15 15:22:45.457 [http-nio-3030-exec-2] DEBUG com.caohao.dao.UserDao.queryAllByLimit - ==>  Preparing: select user_name, password, nick_name, real_name, phone, identity_num, address, role, create_time, update_time, id, integral, credit, avatar, deleted, email from user WHERE user_name = ?
2026-04-15 15:22:45.471 [http-nio-3030-exec-10] DEBUG com.caohao.dao.UserDao.queryAllByLimit - ==>  Preparing: select user_name, password, nick_name, real_name, phone, identity_num, address, role, create_time, update_time, id, integral, credit, avatar, deleted, email from user WHERE user_name = ?
2026-04-15 15:22:45.513 [http-nio-3030-exec-1] DEBUG com.caohao.dao.UserDao.queryAllByLimit - ==> Parameters: 1966867202@qq.com(String)
2026-04-15 15:22:45.513 [http-nio-3030-exec-10] DEBUG com.caohao.dao.UserDao.queryAllByLimit - ==> Parameters: 1966867202@qq.com(String)
2026-04-15 15:22:45.513 [http-nio-3030-exec-9] DEBUG com.caohao.dao.UserDao.queryAllByLimit - ==> Parameters: 1966867202@qq.com(String)
2026-04-15 15:22:45.513 [http-nio-3030-exec-2] DEBUG com.caohao.dao.UserDao.queryAllByLimit - ==> Parameters: 1966867202@qq.com(String)
2026-04-15 15:22:45.513 [http-nio-3030-exec-4] DEBUG com.caohao.dao.UserDao.queryAllByLimit - ==> Parameters: 1966867202@qq.com(String)
2026-04-15 15:22:45.608 [http-nio-3030-exec-4] DEBUG com.caohao.dao.UserDao.queryAllByLimit - <==      Total: 1
2026-04-15 15:22:45.608 [http-nio-3030-exec-1] DEBUG com.caohao.dao.UserDao.queryAllByLimit - <==      Total: 1
2026-04-15 15:22:45.608 [http-nio-3030-exec-2] DEBUG com.caohao.dao.UserDao.queryAllByLimit - <==      Total: 1
2026-04-15 15:22:45.608 [http-nio-3030-exec-9] DEBUG com.caohao.dao.UserDao.queryAllByLimit - <==      Total: 1
2026-04-15 15:22:45.608 [http-nio-3030-exec-10] DEBUG com.caohao.dao.UserDao.queryAllByLimit - <==      Total: 1
2026-04-15 15:22:45.678 [http-nio-3030-exec-1] DEBUG com.caohao.dao.UserDao.getTotalCount - ==>  Preparing: select count(*) from user where deleted = 0
2026-04-15 15:22:45.678 [http-nio-3030-exec-1] DEBUG com.caohao.dao.UserDao.getTotalCount - ==> Parameters: 
2026-04-15 15:22:45.682 [http-nio-3030-exec-1] DEBUG com.caohao.dao.UserDao.getTotalCount - <==      Total: 1
2026-04-15 15:22:45.683 [http-nio-3030-exec-1] DEBUG com.caohao.dao.CompanyDao.getTotalCount - ==>  Preparing: select count(*) from company where status is not null
2026-04-15 15:22:45.683 [http-nio-3030-exec-1] DEBUG com.caohao.dao.CompanyDao.getTotalCount - ==> Parameters: 
2026-04-15 15:22:45.689 [http-nio-3030-exec-1] DEBUG com.caohao.dao.CompanyDao.getTotalCount - <==      Total: 1
2026-04-15 15:22:45.691 [http-nio-3030-exec-1] DEBUG com.caohao.dao.EmploymentDao.getTotalCount - ==>  Preparing: select count(*) from employment et left join company cy on et.company_id = cy.id where et.status >= 0
2026-04-15 15:22:45.691 [http-nio-3030-exec-1] DEBUG com.caohao.dao.EmploymentDao.getTotalCount - ==> Parameters: 
2026-04-15 15:22:45.696 [http-nio-3030-exec-1] DEBUG com.caohao.dao.EmploymentDao.getTotalCount - <==      Total: 1
2026-04-15 15:22:45.696 [http-nio-3030-exec-1] DEBUG com.caohao.dao.EmploymentUserDao.getTotalCount - ==>  Preparing: select count(*) from employment_user where deleted = 0
2026-04-15 15:22:45.696 [http-nio-3030-exec-1] DEBUG com.caohao.dao.EmploymentUserDao.getTotalCount - ==> Parameters: 
2026-04-15 15:22:45.701 [http-nio-3030-exec-1] DEBUG com.caohao.dao.EmploymentUserDao.getTotalCount - <==      Total: 1
2026-04-15 15:22:45.702 [http-nio-3030-exec-1] DEBUG com.caohao.dao.ArticleDao.getTotalCount - ==>  Preparing: select count(*) from article
2026-04-15 15:22:45.702 [http-nio-3030-exec-1] DEBUG com.caohao.dao.ArticleDao.getTotalCount - ==> Parameters: 
2026-04-15 15:22:45.708 [http-nio-3030-exec-1] DEBUG com.caohao.dao.ArticleDao.getTotalCount - <==      Total: 1
2026-04-15 15:22:45.712 [http-nio-3030-exec-1] DEBUG com.caohao.dao.CompanyDao.getCountByStatus - ==>  Preparing: select count(*) from company where status = ?
2026-04-15 15:22:45.713 [http-nio-3030-exec-1] DEBUG com.caohao.dao.CompanyDao.getCountByStatus - ==> Parameters: Check_Pending(String)
2026-04-15 15:22:45.713 [http-nio-3030-exec-1] DEBUG com.caohao.dao.CompanyDao.getCountByStatus - <==      Total: 1
2026-04-15 15:22:45.714 [http-nio-3030-exec-1] DEBUG com.caohao.dao.EmploymentDao.getCountByStatus - ==>  Preparing: select count(*) from employment where status = ?
2026-04-15 15:22:45.716 [http-nio-3030-exec-1] DEBUG com.caohao.dao.EmploymentDao.getCountByStatus - ==> Parameters: 0(Integer)
2026-04-15 15:22:45.718 [http-nio-3030-exec-1] DEBUG com.caohao.dao.EmploymentDao.getCountByStatus - <==      Total: 1
2026-04-15 15:22:45.719 [http-nio-3030-exec-1] DEBUG c.caohao.dao.EmploymentUserDao.countByReplyStatus - ==>  Preparing: select count(*) from employment_user where deleted = 0 and reply_status = ?
2026-04-15 15:22:45.719 [http-nio-3030-exec-1] DEBUG c.caohao.dao.EmploymentUserDao.countByReplyStatus - ==> Parameters: Wait_For_Reply(String)
2026-04-15 15:22:45.719 [http-nio-3030-exec-1] DEBUG c.caohao.dao.EmploymentUserDao.countByReplyStatus - <==      Total: 1
2026-04-15 15:22:45.721 [http-nio-3030-exec-1] DEBUG c.caohao.dao.EmploymentUserDao.countByReplyStatus - ==>  Preparing: select count(*) from employment_user where deleted = 0 and reply_status = ?
2026-04-15 15:22:45.721 [http-nio-3030-exec-1] DEBUG c.caohao.dao.EmploymentUserDao.countByReplyStatus - ==> Parameters: Agree_With_Induction(String)
2026-04-15 15:22:45.721 [http-nio-3030-exec-1] DEBUG c.caohao.dao.EmploymentUserDao.countByReplyStatus - <==      Total: 1
2026-04-15 15:22:45.722 [http-nio-3030-exec-1] DEBUG c.caohao.dao.EmploymentUserDao.countByReplyStatus - ==>  Preparing: select count(*) from employment_user where deleted = 0 and reply_status = ?
2026-04-15 15:22:45.722 [http-nio-3030-exec-1] DEBUG c.caohao.dao.EmploymentUserDao.countByReplyStatus - ==> Parameters: Refused_Entry(String)
2026-04-15 15:22:45.724 [http-nio-3030-exec-1] DEBUG c.caohao.dao.EmploymentUserDao.countByReplyStatus - <==      Total: 1
2026-04-15 15:22:45.794 [http-nio-3030-exec-9] DEBUG com.caohao.dao.ArticleDao.queryAllByLimit_COUNT - ==>  Preparing: SELECT count(0) FROM article
2026-04-15 15:22:45.794 [http-nio-3030-exec-9] DEBUG com.caohao.dao.ArticleDao.queryAllByLimit_COUNT - ==> Parameters: 
2026-04-15 15:22:45.798 [http-nio-3030-exec-9] DEBUG com.caohao.dao.ArticleDao.queryAllByLimit_COUNT - <==      Total: 1
2026-04-15 15:22:45.801 [http-nio-3030-exec-2] DEBUG com.caohao.dao.CompanyDao.queryAllByLimit_COUNT - ==>  Preparing: SELECT count(0) FROM company c LEFT JOIN user u ON c.user_id = u.id WHERE company_number IS NOT NULL
2026-04-15 15:22:45.801 [http-nio-3030-exec-2] DEBUG com.caohao.dao.CompanyDao.queryAllByLimit_COUNT - ==> Parameters: 
2026-04-15 15:22:45.804 [http-nio-3030-exec-9] DEBUG com.caohao.dao.ArticleDao.queryAllByLimit - ==>  Preparing: select id, title, content, pic_path, user_id, create_time, update_time, type, collect_number, thumb_up, view_count from article order by thumb_up DESC, collect_number DESC, view_count DESC LIMIT ?
2026-04-15 15:22:45.805 [http-nio-3030-exec-2] DEBUG com.caohao.dao.CompanyDao.queryAllByLimit_COUNT - <==      Total: 1
2026-04-15 15:22:45.805 [http-nio-3030-exec-9] DEBUG com.caohao.dao.ArticleDao.queryAllByLimit - ==> Parameters: 6(Integer)
2026-04-15 15:22:45.807 [http-nio-3030-exec-2] DEBUG com.caohao.dao.CompanyDao.queryAllByLimit - ==>  Preparing: select c.id, c.company_number, c.name, c.description, c.user_id, c.create_time, c.update_time, c.status, c.processor, c.reply_time, c.reply_content, c.number, c.category, c.nature, c.company_logo, c.view_count, u.real_name as user_name, u.user_name as user_email, u.phone as user_phone from company c left join user u on c.user_id = u.id WHERE company_number is not null order by create_time desc LIMIT ?
2026-04-15 15:22:45.807 [http-nio-3030-exec-2] DEBUG com.caohao.dao.CompanyDao.queryAllByLimit - ==> Parameters: 8(Integer)
2026-04-15 15:22:45.809 [http-nio-3030-exec-10] DEBUG com.caohao.dao.EmploymentDao.queryAllByLimit_COUNT - ==>  Preparing: SELECT count(0) FROM employment et LEFT JOIN company cy ON et.company_id = cy.id LEFT JOIN (SELECT employment_id, count(*) AS application_count FROM employment_user GROUP BY employment_id) eu ON et.id = eu.employment_id WHERE cy.id IS NOT NULL
2026-04-15 15:22:45.809 [http-nio-3030-exec-4] DEBUG com.caohao.dao.EmploymentDao.queryAllByLimit_COUNT - ==>  Preparing: SELECT count(0) FROM employment et LEFT JOIN company cy ON et.company_id = cy.id LEFT JOIN (SELECT employment_id, count(*) AS application_count FROM employment_user GROUP BY employment_id) eu ON et.id = eu.employment_id WHERE cy.id IS NOT NULL
2026-04-15 15:22:45.809 [http-nio-3030-exec-10] DEBUG com.caohao.dao.EmploymentDao.queryAllByLimit_COUNT - ==> Parameters: 
2026-04-15 15:22:45.809 [http-nio-3030-exec-4] DEBUG com.caohao.dao.EmploymentDao.queryAllByLimit_COUNT - ==> Parameters: 
2026-04-15 15:22:45.817 [http-nio-3030-exec-9] DEBUG com.caohao.dao.ArticleDao.queryAllByLimit - <==      Total: 6
2026-04-15 15:22:45.819 [http-nio-3030-exec-2] DEBUG com.caohao.dao.CompanyDao.queryAllByLimit - <==      Total: 8
2026-04-15 15:22:45.820 [http-nio-3030-exec-9] DEBUG com.caohao.dao.UserDao.queryById - ==>  Preparing: select user_name, password, nick_name, real_name, phone, identity_num, address, role, create_time, update_time, id, integral, credit, avatar, deleted, email from user where id = ?
2026-04-15 15:22:45.820 [http-nio-3030-exec-9] DEBUG com.caohao.dao.UserDao.queryById - ==> Parameters: user_002(String)
2026-04-15 15:22:45.820 [http-nio-3030-exec-4] DEBUG com.caohao.dao.EmploymentDao.queryAllByLimit_COUNT - <==      Total: 1
2026-04-15 15:22:45.820 [http-nio-3030-exec-10] DEBUG com.caohao.dao.EmploymentDao.queryAllByLimit_COUNT - <==      Total: 1
2026-04-15 15:22:45.822 [http-nio-3030-exec-9] DEBUG com.caohao.dao.UserDao.queryById - <==      Total: 0
2026-04-15 15:22:45.822 [http-nio-3030-exec-4] DEBUG com.caohao.dao.EmploymentDao.queryAllByLimit - ==>  Preparing: select et.id, et.user_id, et.title, et.description, et.education, et.position, et.create_time, et.update_time, et.status, et.min_salary, et.max_salary, et.salary, et.company_id, et.treatment, et.collect_number, cy.id as company_company_id, cy.company_number as company_company_number, cy.name as company_name, cy.description as company_description, cy.user_id as company_user_id, cy.create_time as company_create_time, cy.update_time as company_update_time, cy.status as company_status, cy.processor as company_processor, cy.reply_time as company_reply_time, cy.reply_content as company_reply_content, cy.number as company_number, cy.category as company_category, cy.nature as company_nature, cy.company_logo as company_company_logo, COALESCE(eu.application_count, 0) as application_count from employment et left join company cy on et.company_id = cy.id left join ( select employment_id, count(*) as application_count from employment_user group by employment_id ) eu on et.id = eu.employment_id WHERE cy.id is not null order by COALESCE(eu.application_count, 0) DESC, et.create_time DESC LIMIT ?
2026-04-15 15:22:45.822 [http-nio-3030-exec-2] DEBUG com.caohao.dao.EmploymentDao.selectByCompanyId - ==>  Preparing: select * from employment where company_id = ?
2026-04-15 15:22:45.822 [http-nio-3030-exec-10] DEBUG com.caohao.dao.EmploymentDao.queryAllByLimit - ==>  Preparing: select et.id, et.user_id, et.title, et.description, et.education, et.position, et.create_time, et.update_time, et.status, et.min_salary, et.max_salary, et.salary, et.company_id, et.treatment, et.collect_number, cy.id as company_company_id, cy.company_number as company_company_number, cy.name as company_name, cy.description as company_description, cy.user_id as company_user_id, cy.create_time as company_create_time, cy.update_time as company_update_time, cy.status as company_status, cy.processor as company_processor, cy.reply_time as company_reply_time, cy.reply_content as company_reply_content, cy.number as company_number, cy.category as company_category, cy.nature as company_nature, cy.company_logo as company_company_logo, COALESCE(eu.application_count, 0) as application_count from employment et left join company cy on et.company_id = cy.id left join ( select employment_id, count(*) as application_count from employment_user group by employment_id ) eu on et.id = eu.employment_id WHERE cy.id is not null order by et.create_time DESC LIMIT ?
2026-04-15 15:22:45.822 [http-nio-3030-exec-4] DEBUG com.caohao.dao.EmploymentDao.queryAllByLimit - ==> Parameters: 20(Integer)
2026-04-15 15:22:45.824 [http-nio-3030-exec-10] DEBUG com.caohao.dao.EmploymentDao.queryAllByLimit - ==> Parameters: 20(Integer)
2026-04-15 15:22:45.822 [http-nio-3030-exec-2] DEBUG com.caohao.dao.EmploymentDao.selectByCompanyId - ==> Parameters: G573(String)
2026-04-15 15:22:45.824 [http-nio-3030-exec-9] DEBUG com.caohao.dao.UserDao.selectByUserName - ==>  Preparing: select * from user where user_name = ?
2026-04-15 15:22:45.824 [http-nio-3030-exec-9] DEBUG com.caohao.dao.UserDao.selectByUserName - ==> Parameters: user_002(String)
2026-04-15 15:22:45.825 [http-nio-3030-exec-9] DEBUG com.caohao.dao.UserDao.selectByUserName - <==      Total: 0
2026-04-15 15:22:45.826 [http-nio-3030-exec-2] DEBUG com.caohao.dao.EmploymentDao.selectByCompanyId - <==      Total: 0
2026-04-15 15:22:45.826 [http-nio-3030-exec-9] DEBUG com.caohao.dao.CommentsDao.selectByArticleId - ==>  Preparing: select * from comments where article_id = ?
2026-04-15 15:22:45.827 [http-nio-3030-exec-9] DEBUG com.caohao.dao.CommentsDao.selectByArticleId - ==> Parameters: art_int_002(String)
2026-04-15 15:22:45.827 [http-nio-3030-exec-2] DEBUG com.caohao.dao.EmploymentDao.selectByCompanyId - ==>  Preparing: select * from employment where company_id = ?
2026-04-15 15:22:45.827 [http-nio-3030-exec-2] DEBUG com.caohao.dao.EmploymentDao.selectByCompanyId - ==> Parameters: comp_050(String)
2026-04-15 15:22:45.828 [http-nio-3030-exec-2] DEBUG com.caohao.dao.EmploymentDao.selectByCompanyId - <==      Total: 0
2026-04-15 15:22:45.829 [http-nio-3030-exec-2] DEBUG com.caohao.dao.EmploymentDao.selectByCompanyId - ==>  Preparing: select * from employment where company_id = ?
2026-04-15 15:22:45.829 [http-nio-3030-exec-2] DEBUG com.caohao.dao.EmploymentDao.selectByCompanyId - ==> Parameters: comp_048(String)
2026-04-15 15:22:45.829 [http-nio-3030-exec-2] DEBUG com.caohao.dao.EmploymentDao.selectByCompanyId - <==      Total: 0
2026-04-15 15:22:45.830 [http-nio-3030-exec-2] DEBUG com.caohao.dao.EmploymentDao.selectByCompanyId - ==>  Preparing: select * from employment where company_id = ?
2026-04-15 15:22:45.830 [http-nio-3030-exec-2] DEBUG com.caohao.dao.EmploymentDao.selectByCompanyId - ==> Parameters: comp_049(String)
2026-04-15 15:22:45.832 [http-nio-3030-exec-2] DEBUG com.caohao.dao.EmploymentDao.selectByCompanyId - <==      Total: 0
2026-04-15 15:22:45.832 [http-nio-3030-exec-2] DEBUG com.caohao.dao.EmploymentDao.selectByCompanyId - ==>  Preparing: select * from employment where company_id = ?
2026-04-15 15:22:45.833 [http-nio-3030-exec-2] DEBUG com.caohao.dao.EmploymentDao.selectByCompanyId - ==> Parameters: comp_047(String)
2026-04-15 15:22:45.834 [http-nio-3030-exec-2] DEBUG com.caohao.dao.EmploymentDao.selectByCompanyId - <==      Total: 0
2026-04-15 15:22:45.835 [http-nio-3030-exec-2] DEBUG com.caohao.dao.EmploymentDao.selectByCompanyId - ==>  Preparing: select * from employment where company_id = ?
2026-04-15 15:22:45.835 [http-nio-3030-exec-2] DEBUG com.caohao.dao.EmploymentDao.selectByCompanyId - ==> Parameters: comp_046(String)
2026-04-15 15:22:45.836 [http-nio-3030-exec-2] DEBUG com.caohao.dao.EmploymentDao.selectByCompanyId - <==      Total: 0
2026-04-15 15:22:45.837 [http-nio-3030-exec-2] DEBUG com.caohao.dao.EmploymentDao.selectByCompanyId - ==>  Preparing: select * from employment where company_id = ?
2026-04-15 15:22:45.838 [http-nio-3030-exec-2] DEBUG com.caohao.dao.EmploymentDao.selectByCompanyId - ==> Parameters: comp_045(String)
2026-04-15 15:22:45.838 [http-nio-3030-exec-9] DEBUG com.caohao.dao.CommentsDao.selectByArticleId - <==      Total: 1
2026-04-15 15:22:45.838 [http-nio-3030-exec-2] DEBUG com.caohao.dao.EmploymentDao.selectByCompanyId - <==      Total: 0
2026-04-15 15:22:45.840 [http-nio-3030-exec-9] DEBUG com.caohao.dao.UserDao.queryById - ==>  Preparing: select user_name, password, nick_name, real_name, phone, identity_num, address, role, create_time, update_time, id, integral, credit, avatar, deleted, email from user where id = ?
2026-04-15 15:22:45.840 [http-nio-3030-exec-9] DEBUG com.caohao.dao.UserDao.queryById - ==> Parameters: user_004(String)
2026-04-15 15:22:45.840 [http-nio-3030-exec-2] DEBUG com.caohao.dao.EmploymentDao.selectByCompanyId - ==>  Preparing: select * from employment where company_id = ?
2026-04-15 15:22:45.840 [http-nio-3030-exec-2] DEBUG com.caohao.dao.EmploymentDao.selectByCompanyId - ==> Parameters: comp_044(String)
2026-04-15 15:22:45.841 [http-nio-3030-exec-9] DEBUG com.caohao.dao.UserDao.queryById - <==      Total: 0
2026-04-15 15:22:45.842 [http-nio-3030-exec-9] DEBUG com.caohao.dao.UserDao.selectByUserName - ==>  Preparing: select * from user where user_name = ?
2026-04-15 15:22:45.842 [http-nio-3030-exec-2] DEBUG com.caohao.dao.EmploymentDao.selectByCompanyId - <==      Total: 0
2026-04-15 15:22:45.842 [http-nio-3030-exec-9] DEBUG com.caohao.dao.UserDao.selectByUserName - ==> Parameters: user_004(String)
2026-04-15 15:22:45.842 [http-nio-3030-exec-9] DEBUG com.caohao.dao.UserDao.selectByUserName - <==      Total: 0
2026-04-15 15:22:45.843 [http-nio-3030-exec-9] DEBUG com.caohao.dao.CommentsDao.selectByArticleId - ==>  Preparing: select * from comments where article_id = ?
2026-04-15 15:22:45.843 [http-nio-3030-exec-9] DEBUG com.caohao.dao.CommentsDao.selectByArticleId - ==> Parameters: art_jht_004(String)
2026-04-15 15:22:45.844 [http-nio-3030-exec-9] DEBUG com.caohao.dao.CommentsDao.selectByArticleId - <==      Total: 0
2026-04-15 15:22:45.844 [http-nio-3030-exec-9] DEBUG com.caohao.dao.UserDao.queryById - ==>  Preparing: select user_name, password, nick_name, real_name, phone, identity_num, address, role, create_time, update_time, id, integral, credit, avatar, deleted, email from user where id = ?
2026-04-15 15:22:45.844 [http-nio-3030-exec-9] DEBUG com.caohao.dao.UserDao.queryById - ==> Parameters: user_006(String)
2026-04-15 15:22:45.846 [http-nio-3030-exec-9] DEBUG com.caohao.dao.UserDao.queryById - <==      Total: 0
2026-04-15 15:22:45.846 [http-nio-3030-exec-4] DEBUG com.caohao.dao.EmploymentDao.queryAllByLimit - <==      Total: 20
2026-04-15 15:22:45.846 [http-nio-3030-exec-9] DEBUG com.caohao.dao.UserDao.selectByUserName - ==>  Preparing: select * from user where user_name = ?
2026-04-15 15:22:45.847 [http-nio-3030-exec-9] DEBUG com.caohao.dao.UserDao.selectByUserName - ==> Parameters: user_006(String)
2026-04-15 15:22:45.847 [http-nio-3030-exec-4] DEBUG com.caohao.dao.CompanyDao.queryById - ==>  Preparing: select id, company_number, name, description, user_id, create_time, update_time, status, processor, reply_time, reply_content, number, category, nature, company_logo, view_count from company where id = ?
2026-04-15 15:22:45.847 [http-nio-3030-exec-10] DEBUG com.caohao.dao.EmploymentDao.queryAllByLimit - <==      Total: 20
2026-04-15 15:22:45.848 [http-nio-3030-exec-4] DEBUG com.caohao.dao.CompanyDao.queryById - ==> Parameters: comp_012(String)
2026-04-15 15:22:45.848 [http-nio-3030-exec-9] DEBUG com.caohao.dao.UserDao.selectByUserName - <==      Total: 0
2026-04-15 15:22:45.848 [http-nio-3030-exec-10] DEBUG com.caohao.dao.CompanyDao.queryById - ==>  Preparing: select id, company_number, name, description, user_id, create_time, update_time, status, processor, reply_time, reply_content, number, category, nature, company_logo, view_count from company where id = ?
2026-04-15 15:22:45.848 [http-nio-3030-exec-10] DEBUG com.caohao.dao.CompanyDao.queryById - ==> Parameters: comp_012(String)
2026-04-15 15:22:45.848 [http-nio-3030-exec-9] DEBUG com.caohao.dao.CommentsDao.selectByArticleId - ==>  Preparing: select * from comments where article_id = ?
2026-04-15 15:22:45.849 [http-nio-3030-exec-4] DEBUG com.caohao.dao.CompanyDao.queryById - <==      Total: 1
2026-04-15 15:22:45.849 [http-nio-3030-exec-9] DEBUG com.caohao.dao.CommentsDao.selectByArticleId - ==> Parameters: art_exp_006(String)
2026-04-15 15:22:45.849 [http-nio-3030-exec-4] DEBUG com.caohao.dao.CompanyDao.queryById - ==>  Preparing: select id, company_number, name, description, user_id, create_time, update_time, status, processor, reply_time, reply_content, number, category, nature, company_logo, view_count from company where id = ?
2026-04-15 15:22:45.849 [http-nio-3030-exec-9] DEBUG com.caohao.dao.CommentsDao.selectByArticleId - <==      Total: 0
2026-04-15 15:22:45.851 [http-nio-3030-exec-10] DEBUG com.caohao.dao.CompanyDao.queryById - <==      Total: 1
2026-04-15 15:22:45.851 [http-nio-3030-exec-4] DEBUG com.caohao.dao.CompanyDao.queryById - ==> Parameters: comp_012(String)
2026-04-15 15:22:45.851 [http-nio-3030-exec-9] DEBUG com.caohao.dao.UserDao.queryById - ==>  Preparing: select user_name, password, nick_name, real_name, phone, identity_num, address, role, create_time, update_time, id, integral, credit, avatar, deleted, email from user where id = ?
2026-04-15 15:22:45.851 [http-nio-3030-exec-10] DEBUG com.caohao.dao.CompanyDao.queryById - ==>  Preparing: select id, company_number, name, description, user_id, create_time, update_time, status, processor, reply_time, reply_content, number, category, nature, company_logo, view_count from company where id = ?
2026-04-15 15:22:45.852 [http-nio-3030-exec-9] DEBUG com.caohao.dao.UserDao.queryById - ==> Parameters: user_001(String)
2026-04-15 15:22:45.852 [http-nio-3030-exec-10] DEBUG com.caohao.dao.CompanyDao.queryById - ==> Parameters: comp_012(String)
2026-04-15 15:22:45.852 [http-nio-3030-exec-9] DEBUG com.caohao.dao.UserDao.queryById - <==      Total: 0
2026-04-15 15:22:45.853 [http-nio-3030-exec-9] DEBUG com.caohao.dao.UserDao.selectByUserName - ==>  Preparing: select * from user where user_name = ?
2026-04-15 15:22:45.853 [http-nio-3030-exec-4] DEBUG com.caohao.dao.CompanyDao.queryById - <==      Total: 1
2026-04-15 15:22:45.853 [http-nio-3030-exec-9] DEBUG com.caohao.dao.UserDao.selectByUserName - ==> Parameters: user_001(String)
2026-04-15 15:22:45.854 [http-nio-3030-exec-10] DEBUG com.caohao.dao.CompanyDao.queryById - <==      Total: 1
2026-04-15 15:22:45.854 [http-nio-3030-exec-4] DEBUG com.caohao.dao.CompanyDao.queryById - ==>  Preparing: select id, company_number, name, description, user_id, create_time, update_time, status, processor, reply_time, reply_content, number, category, nature, company_logo, view_count from company where id = ?
2026-04-15 15:22:45.854 [http-nio-3030-exec-4] DEBUG com.caohao.dao.CompanyDao.queryById - ==> Parameters: comp_012(String)
2026-04-15 15:22:45.854 [http-nio-3030-exec-10] DEBUG com.caohao.dao.CompanyDao.queryById - ==>  Preparing: select id, company_number, name, description, user_id, create_time, update_time, status, processor, reply_time, reply_content, number, category, nature, company_logo, view_count from company where id = ?
2026-04-15 15:22:45.854 [http-nio-3030-exec-9] DEBUG com.caohao.dao.UserDao.selectByUserName - <==      Total: 0
2026-04-15 15:22:45.854 [http-nio-3030-exec-10] DEBUG com.caohao.dao.CompanyDao.queryById - ==> Parameters: comp_012(String)
2026-04-15 15:22:45.855 [http-nio-3030-exec-9] DEBUG com.caohao.dao.CommentsDao.selectByArticleId - ==>  Preparing: select * from comments where article_id = ?
2026-04-15 15:22:45.855 [http-nio-3030-exec-9] DEBUG com.caohao.dao.CommentsDao.selectByArticleId - ==> Parameters: art_jht_001(String)
2026-04-15 15:22:45.856 [http-nio-3030-exec-9] DEBUG com.caohao.dao.CommentsDao.selectByArticleId - <==      Total: 0
2026-04-15 15:22:45.856 [http-nio-3030-exec-10] DEBUG com.caohao.dao.CompanyDao.queryById - <==      Total: 1
2026-04-15 15:22:45.856 [http-nio-3030-exec-4] DEBUG com.caohao.dao.CompanyDao.queryById - <==      Total: 1
2026-04-15 15:22:45.856 [http-nio-3030-exec-9] DEBUG com.caohao.dao.UserDao.queryById - ==>  Preparing: select user_name, password, nick_name, real_name, phone, identity_num, address, role, create_time, update_time, id, integral, credit, avatar, deleted, email from user where id = ?
2026-04-15 15:22:45.856 [http-nio-3030-exec-10] DEBUG com.caohao.dao.CompanyDao.queryById - ==>  Preparing: select id, company_number, name, description, user_id, create_time, update_time, status, processor, reply_time, reply_content, number, category, nature, company_logo, view_count from company where id = ?
2026-04-15 15:22:45.856 [http-nio-3030-exec-4] DEBUG com.caohao.dao.CompanyDao.queryById - ==>  Preparing: select id, company_number, name, description, user_id, create_time, update_time, status, processor, reply_time, reply_content, number, category, nature, company_logo, view_count from company where id = ?
2026-04-15 15:22:45.857 [http-nio-3030-exec-9] DEBUG com.caohao.dao.UserDao.queryById - ==> Parameters: user_001(String)
2026-04-15 15:22:45.857 [http-nio-3030-exec-10] DEBUG com.caohao.dao.CompanyDao.queryById - ==> Parameters: comp_012(String)
2026-04-15 15:22:45.857 [http-nio-3030-exec-4] DEBUG com.caohao.dao.CompanyDao.queryById - ==> Parameters: comp_012(String)
2026-04-15 15:22:45.858 [http-nio-3030-exec-4] DEBUG com.caohao.dao.CompanyDao.queryById - <==      Total: 1
2026-04-15 15:22:45.858 [http-nio-3030-exec-9] DEBUG com.caohao.dao.UserDao.queryById - <==      Total: 0
2026-04-15 15:22:45.859 [http-nio-3030-exec-10] DEBUG com.caohao.dao.CompanyDao.queryById - <==      Total: 1
2026-04-15 15:22:45.859 [http-nio-3030-exec-9] DEBUG com.caohao.dao.UserDao.selectByUserName - ==>  Preparing: select * from user where user_name = ?
2026-04-15 15:22:45.859 [http-nio-3030-exec-4] DEBUG com.caohao.dao.CompanyDao.queryById - ==>  Preparing: select id, company_number, name, description, user_id, create_time, update_time, status, processor, reply_time, reply_content, number, category, nature, company_logo, view_count from company where id = ?
2026-04-15 15:22:45.860 [http-nio-3030-exec-10] DEBUG com.caohao.dao.CompanyDao.queryById - ==>  Preparing: select id, company_number, name, description, user_id, create_time, update_time, status, processor, reply_time, reply_content, number, category, nature, company_logo, view_count from company where id = ?
2026-04-15 15:22:45.860 [http-nio-3030-exec-9] DEBUG com.caohao.dao.UserDao.selectByUserName - ==> Parameters: user_001(String)
2026-04-15 15:22:45.860 [http-nio-3030-exec-4] DEBUG com.caohao.dao.CompanyDao.queryById - ==> Parameters: comp_011(String)
2026-04-15 15:22:45.860 [http-nio-3030-exec-10] DEBUG com.caohao.dao.CompanyDao.queryById - ==> Parameters: comp_011(String)
2026-04-15 15:22:45.861 [http-nio-3030-exec-9] DEBUG com.caohao.dao.UserDao.selectByUserName - <==      Total: 0
2026-04-15 15:22:45.861 [http-nio-3030-exec-10] DEBUG com.caohao.dao.CompanyDao.queryById - <==      Total: 1
2026-04-15 15:22:45.861 [http-nio-3030-exec-4] DEBUG com.caohao.dao.CompanyDao.queryById - <==      Total: 1
2026-04-15 15:22:45.861 [http-nio-3030-exec-10] DEBUG com.caohao.dao.CompanyDao.queryById - ==>  Preparing: select id, company_number, name, description, user_id, create_time, update_time, status, processor, reply_time, reply_content, number, category, nature, company_logo, view_count from company where id = ?
2026-04-15 15:22:45.861 [http-nio-3030-exec-9] DEBUG com.caohao.dao.CommentsDao.selectByArticleId - ==>  Preparing: select * from comments where article_id = ?
2026-04-15 15:22:45.861 [http-nio-3030-exec-4] DEBUG com.caohao.dao.CompanyDao.queryById - ==>  Preparing: select id, company_number, name, description, user_id, create_time, update_time, status, processor, reply_time, reply_content, number, category, nature, company_logo, view_count from company where id = ?
2026-04-15 15:22:45.861 [http-nio-3030-exec-10] DEBUG com.caohao.dao.CompanyDao.queryById - ==> Parameters: comp_011(String)
2026-04-15 15:22:45.861 [http-nio-3030-exec-9] DEBUG com.caohao.dao.CommentsDao.selectByArticleId - ==> Parameters: art_int_001(String)
2026-04-15 15:22:45.861 [http-nio-3030-exec-4] DEBUG com.caohao.dao.CompanyDao.queryById - ==> Parameters: comp_011(String)
2026-04-15 15:22:45.861 [http-nio-3030-exec-9] DEBUG com.caohao.dao.CommentsDao.selectByArticleId - <==      Total: 0
2026-04-15 15:22:45.863 [http-nio-3030-exec-4] DEBUG com.caohao.dao.CompanyDao.queryById - <==      Total: 1
2026-04-15 15:22:45.863 [http-nio-3030-exec-10] DEBUG com.caohao.dao.CompanyDao.queryById - <==      Total: 1
2026-04-15 15:22:45.863 [http-nio-3030-exec-9] DEBUG com.caohao.dao.UserDao.queryById - ==>  Preparing: select user_name, password, nick_name, real_name, phone, identity_num, address, role, create_time, update_time, id, integral, credit, avatar, deleted, email from user where id = ?
2026-04-15 15:22:45.863 [http-nio-3030-exec-10] DEBUG com.caohao.dao.CompanyDao.queryById - ==>  Preparing: select id, company_number, name, description, user_id, create_time, update_time, status, processor, reply_time, reply_content, number, category, nature, company_logo, view_count from company where id = ?
2026-04-15 15:22:45.863 [http-nio-3030-exec-4] DEBUG com.caohao.dao.CompanyDao.queryById - ==>  Preparing: select id, company_number, name, description, user_id, create_time, update_time, status, processor, reply_time, reply_content, number, category, nature, company_logo, view_count from company where id = ?
2026-04-15 15:22:45.863 [http-nio-3030-exec-9] DEBUG com.caohao.dao.UserDao.queryById - ==> Parameters: user_005(String)
2026-04-15 15:22:45.863 [http-nio-3030-exec-10] DEBUG com.caohao.dao.CompanyDao.queryById - ==> Parameters: comp_011(String)
2026-04-15 15:22:45.863 [http-nio-3030-exec-4] DEBUG com.caohao.dao.CompanyDao.queryById - ==> Parameters: comp_011(String)
2026-04-15 15:22:45.864 [http-nio-3030-exec-9] DEBUG com.caohao.dao.UserDao.queryById - <==      Total: 0
2026-04-15 15:22:45.865 [http-nio-3030-exec-10] DEBUG com.caohao.dao.CompanyDao.queryById - <==      Total: 1
2026-04-15 15:22:45.865 [http-nio-3030-exec-10] DEBUG com.caohao.dao.CompanyDao.queryById - ==>  Preparing: select id, company_number, name, description, user_id, create_time, update_time, status, processor, reply_time, reply_content, number, category, nature, company_logo, view_count from company where id = ?
2026-04-15 15:22:45.865 [http-nio-3030-exec-9] DEBUG com.caohao.dao.UserDao.selectByUserName - ==>  Preparing: select * from user where user_name = ?
2026-04-15 15:22:45.865 [http-nio-3030-exec-4] DEBUG com.caohao.dao.CompanyDao.queryById - <==      Total: 1
2026-04-15 15:22:45.866 [http-nio-3030-exec-10] DEBUG com.caohao.dao.CompanyDao.queryById - ==> Parameters: comp_011(String)
2026-04-15 15:22:45.866 [http-nio-3030-exec-9] DEBUG com.caohao.dao.UserDao.selectByUserName - ==> Parameters: user_005(String)
2026-04-15 15:22:45.866 [http-nio-3030-exec-4] DEBUG com.caohao.dao.CompanyDao.queryById - ==>  Preparing: select id, company_number, name, description, user_id, create_time, update_time, status, processor, reply_time, reply_content, number, category, nature, company_logo, view_count from company where id = ?
2026-04-15 15:22:45.866 [http-nio-3030-exec-9] DEBUG com.caohao.dao.UserDao.selectByUserName - <==      Total: 0
2026-04-15 15:22:45.866 [http-nio-3030-exec-10] DEBUG com.caohao.dao.CompanyDao.queryById - <==      Total: 1
2026-04-15 15:22:45.868 [http-nio-3030-exec-4] DEBUG com.caohao.dao.CompanyDao.queryById - ==> Parameters: comp_011(String)
2026-04-15 15:22:45.868 [http-nio-3030-exec-10] DEBUG com.caohao.dao.CompanyDao.queryById - ==>  Preparing: select id, company_number, name, description, user_id, create_time, update_time, status, processor, reply_time, reply_content, number, category, nature, company_logo, view_count from company where id = ?
2026-04-15 15:22:45.868 [http-nio-3030-exec-9] DEBUG com.caohao.dao.CommentsDao.selectByArticleId - ==>  Preparing: select * from comments where article_id = ?
2026-04-15 15:22:45.868 [http-nio-3030-exec-9] DEBUG com.caohao.dao.CommentsDao.selectByArticleId - ==> Parameters: art_oth_005(String)
2026-04-15 15:22:45.868 [http-nio-3030-exec-10] DEBUG com.caohao.dao.CompanyDao.queryById - ==> Parameters: comp_010(String)
2026-04-15 15:22:45.869 [http-nio-3030-exec-4] DEBUG com.caohao.dao.CompanyDao.queryById - <==      Total: 1
2026-04-15 15:22:45.870 [http-nio-3030-exec-9] DEBUG com.caohao.dao.CommentsDao.selectByArticleId - <==      Total: 0
2026-04-15 15:22:45.870 [http-nio-3030-exec-10] DEBUG com.caohao.dao.CompanyDao.queryById - <==      Total: 1
2026-04-15 15:22:45.870 [http-nio-3030-exec-10] DEBUG com.caohao.dao.CompanyDao.queryById - ==>  Preparing: select id, company_number, name, description, user_id, create_time, update_time, status, processor, reply_time, reply_content, number, category, nature, company_logo, view_count from company where id = ?
2026-04-15 15:22:45.870 [http-nio-3030-exec-4] DEBUG com.caohao.dao.CompanyDao.queryById - ==>  Preparing: select id, company_number, name, description, user_id, create_time, update_time, status, processor, reply_time, reply_content, number, category, nature, company_logo, view_count from company where id = ?
2026-04-15 15:22:45.871 [http-nio-3030-exec-10] DEBUG com.caohao.dao.CompanyDao.queryById - ==> Parameters: comp_010(String)
2026-04-15 15:22:45.871 [http-nio-3030-exec-4] DEBUG com.caohao.dao.CompanyDao.queryById - ==> Parameters: comp_010(String)
2026-04-15 15:22:45.872 [http-nio-3030-exec-10] DEBUG com.caohao.dao.CompanyDao.queryById - <==      Total: 1
2026-04-15 15:22:45.873 [http-nio-3030-exec-4] DEBUG com.caohao.dao.CompanyDao.queryById - <==      Total: 1
2026-04-15 15:22:45.873 [http-nio-3030-exec-10] DEBUG com.caohao.dao.CompanyDao.queryById - ==>  Preparing: select id, company_number, name, description, user_id, create_time, update_time, status, processor, reply_time, reply_content, number, category, nature, company_logo, view_count from company where id = ?
2026-04-15 15:22:45.873 [http-nio-3030-exec-4] DEBUG com.caohao.dao.CompanyDao.queryById - ==>  Preparing: select id, company_number, name, description, user_id, create_time, update_time, status, processor, reply_time, reply_content, number, category, nature, company_logo, view_count from company where id = ?
2026-04-15 15:22:45.875 [http-nio-3030-exec-10] DEBUG com.caohao.dao.CompanyDao.queryById - ==> Parameters: comp_010(String)
2026-04-15 15:22:45.875 [http-nio-3030-exec-4] DEBUG com.caohao.dao.CompanyDao.queryById - ==> Parameters: comp_010(String)
2026-04-15 15:22:45.876 [http-nio-3030-exec-10] DEBUG com.caohao.dao.CompanyDao.queryById - <==      Total: 1
2026-04-15 15:22:45.876 [http-nio-3030-exec-4] DEBUG com.caohao.dao.CompanyDao.queryById - <==      Total: 1
2026-04-15 15:22:45.877 [http-nio-3030-exec-10] DEBUG com.caohao.dao.CompanyDao.queryById - ==>  Preparing: select id, company_number, name, description, user_id, create_time, update_time, status, processor, reply_time, reply_content, number, category, nature, company_logo, view_count from company where id = ?
2026-04-15 15:22:45.877 [http-nio-3030-exec-4] DEBUG com.caohao.dao.CompanyDao.queryById - ==>  Preparing: select id, company_number, name, description, user_id, create_time, update_time, status, processor, reply_time, reply_content, number, category, nature, company_logo, view_count from company where id = ?
2026-04-15 15:22:45.878 [http-nio-3030-exec-10] DEBUG com.caohao.dao.CompanyDao.queryById - ==> Parameters: comp_010(String)
2026-04-15 15:22:45.878 [http-nio-3030-exec-4] DEBUG com.caohao.dao.CompanyDao.queryById - ==> Parameters: comp_010(String)
2026-04-15 15:22:45.879 [http-nio-3030-exec-4] DEBUG com.caohao.dao.CompanyDao.queryById - <==      Total: 1
2026-04-15 15:22:45.879 [http-nio-3030-exec-10] DEBUG com.caohao.dao.CompanyDao.queryById - <==      Total: 1
2026-04-15 15:22:45.879 [http-nio-3030-exec-4] DEBUG com.caohao.dao.CompanyDao.queryById - ==>  Preparing: select id, company_number, name, description, user_id, create_time, update_time, status, processor, reply_time, reply_content, number, category, nature, company_logo, view_count from company where id = ?
2026-04-15 15:22:45.879 [http-nio-3030-exec-10] DEBUG com.caohao.dao.CompanyDao.queryById - ==>  Preparing: select id, company_number, name, description, user_id, create_time, update_time, status, processor, reply_time, reply_content, number, category, nature, company_logo, view_count from company where id = ?
2026-04-15 15:22:45.879 [http-nio-3030-exec-4] DEBUG com.caohao.dao.CompanyDao.queryById - ==> Parameters: comp_010(String)
2026-04-15 15:22:45.879 [http-nio-3030-exec-10] DEBUG com.caohao.dao.CompanyDao.queryById - ==> Parameters: comp_010(String)
2026-04-15 15:22:45.880 [http-nio-3030-exec-10] DEBUG com.caohao.dao.CompanyDao.queryById - <==      Total: 1
2026-04-15 15:22:45.880 [http-nio-3030-exec-4] DEBUG com.caohao.dao.CompanyDao.queryById - <==      Total: 1
2026-04-15 15:22:45.880 [http-nio-3030-exec-4] DEBUG com.caohao.dao.CompanyDao.queryById - ==>  Preparing: select id, company_number, name, description, user_id, create_time, update_time, status, processor, reply_time, reply_content, number, category, nature, company_logo, view_count from company where id = ?
2026-04-15 15:22:45.880 [http-nio-3030-exec-10] DEBUG com.caohao.dao.CompanyDao.queryById - ==>  Preparing: select id, company_number, name, description, user_id, create_time, update_time, status, processor, reply_time, reply_content, number, category, nature, company_logo, view_count from company where id = ?
2026-04-15 15:22:45.880 [http-nio-3030-exec-4] DEBUG com.caohao.dao.CompanyDao.queryById - ==> Parameters: comp_010(String)
2026-04-15 15:22:45.880 [http-nio-3030-exec-10] DEBUG com.caohao.dao.CompanyDao.queryById - ==> Parameters: comp_010(String)
2026-04-15 15:22:45.883 [http-nio-3030-exec-10] DEBUG com.caohao.dao.CompanyDao.queryById - <==      Total: 1
2026-04-15 15:22:45.883 [http-nio-3030-exec-4] DEBUG com.caohao.dao.CompanyDao.queryById - <==      Total: 1
2026-04-15 15:22:45.884 [http-nio-3030-exec-10] DEBUG com.caohao.dao.CompanyDao.queryById - ==>  Preparing: select id, company_number, name, description, user_id, create_time, update_time, status, processor, reply_time, reply_content, number, category, nature, company_logo, view_count from company where id = ?
2026-04-15 15:22:45.884 [http-nio-3030-exec-4] DEBUG com.caohao.dao.CompanyDao.queryById - ==>  Preparing: select id, company_number, name, description, user_id, create_time, update_time, status, processor, reply_time, reply_content, number, category, nature, company_logo, view_count from company where id = ?
2026-04-15 15:22:45.884 [http-nio-3030-exec-10] DEBUG com.caohao.dao.CompanyDao.queryById - ==> Parameters: comp_009(String)
2026-04-15 15:22:45.884 [http-nio-3030-exec-4] DEBUG com.caohao.dao.CompanyDao.queryById - ==> Parameters: comp_010(String)
2026-04-15 15:22:45.886 [http-nio-3030-exec-4] DEBUG com.caohao.dao.CompanyDao.queryById - <==      Total: 1
2026-04-15 15:22:45.886 [http-nio-3030-exec-10] DEBUG com.caohao.dao.CompanyDao.queryById - <==      Total: 1
2026-04-15 15:22:45.886 [http-nio-3030-exec-4] DEBUG com.caohao.dao.CompanyDao.queryById - ==>  Preparing: select id, company_number, name, description, user_id, create_time, update_time, status, processor, reply_time, reply_content, number, category, nature, company_logo, view_count from company where id = ?
2026-04-15 15:22:45.886 [http-nio-3030-exec-10] DEBUG com.caohao.dao.CompanyDao.queryById - ==>  Preparing: select id, company_number, name, description, user_id, create_time, update_time, status, processor, reply_time, reply_content, number, category, nature, company_logo, view_count from company where id = ?
2026-04-15 15:22:45.886 [http-nio-3030-exec-4] DEBUG com.caohao.dao.CompanyDao.queryById - ==> Parameters: comp_009(String)
2026-04-15 15:22:45.886 [http-nio-3030-exec-10] DEBUG com.caohao.dao.CompanyDao.queryById - ==> Parameters: comp_009(String)
2026-04-15 15:22:45.887 [http-nio-3030-exec-4] DEBUG com.caohao.dao.CompanyDao.queryById - <==      Total: 1
2026-04-15 15:22:45.887 [http-nio-3030-exec-10] DEBUG com.caohao.dao.CompanyDao.queryById - <==      Total: 1
2026-04-15 15:22:45.888 [http-nio-3030-exec-10] DEBUG com.caohao.dao.CompanyDao.queryById - ==>  Preparing: select id, company_number, name, description, user_id, create_time, update_time, status, processor, reply_time, reply_content, number, category, nature, company_logo, view_count from company where id = ?
2026-04-15 15:22:45.888 [http-nio-3030-exec-4] DEBUG com.caohao.dao.CompanyDao.queryById - ==>  Preparing: select id, company_number, name, description, user_id, create_time, update_time, status, processor, reply_time, reply_content, number, category, nature, company_logo, view_count from company where id = ?
2026-04-15 15:22:45.888 [http-nio-3030-exec-10] DEBUG com.caohao.dao.CompanyDao.queryById - ==> Parameters: comp_009(String)
2026-04-15 15:22:45.888 [http-nio-3030-exec-4] DEBUG com.caohao.dao.CompanyDao.queryById - ==> Parameters: comp_009(String)
2026-04-15 15:22:45.890 [http-nio-3030-exec-4] DEBUG com.caohao.dao.CompanyDao.queryById - <==      Total: 1
2026-04-15 15:22:45.890 [http-nio-3030-exec-10] DEBUG com.caohao.dao.CompanyDao.queryById - <==      Total: 1
2026-04-15 15:22:45.890 [http-nio-3030-exec-4] DEBUG com.caohao.dao.CompanyDao.queryById - ==>  Preparing: select id, company_number, name, description, user_id, create_time, update_time, status, processor, reply_time, reply_content, number, category, nature, company_logo, view_count from company where id = ?
2026-04-15 15:22:45.890 [http-nio-3030-exec-10] DEBUG com.caohao.dao.CompanyDao.queryById - ==>  Preparing: select id, company_number, name, description, user_id, create_time, update_time, status, processor, reply_time, reply_content, number, category, nature, company_logo, view_count from company where id = ?
2026-04-15 15:22:45.891 [http-nio-3030-exec-4] DEBUG com.caohao.dao.CompanyDao.queryById - ==> Parameters: comp_009(String)
2026-04-15 15:22:45.891 [http-nio-3030-exec-10] DEBUG com.caohao.dao.CompanyDao.queryById - ==> Parameters: comp_009(String)
2026-04-15 15:22:45.892 [http-nio-3030-exec-10] DEBUG com.caohao.dao.CompanyDao.queryById - <==      Total: 1
2026-04-15 15:22:45.892 [http-nio-3030-exec-4] DEBUG com.caohao.dao.CompanyDao.queryById - <==      Total: 1
2026-04-15 15:22:45.892 [http-nio-3030-exec-10] DEBUG com.caohao.dao.CompanyDao.queryById - ==>  Preparing: select id, company_number, name, description, user_id, create_time, update_time, status, processor, reply_time, reply_content, number, category, nature, company_logo, view_count from company where id = ?
2026-04-15 15:22:45.892 [http-nio-3030-exec-4] DEBUG com.caohao.dao.CompanyDao.queryById - ==>  Preparing: select id, company_number, name, description, user_id, create_time, update_time, status, processor, reply_time, reply_content, number, category, nature, company_logo, view_count from company where id = ?
2026-04-15 15:22:45.892 [http-nio-3030-exec-10] DEBUG com.caohao.dao.CompanyDao.queryById - ==> Parameters: comp_008(String)
2026-04-15 15:22:45.892 [http-nio-3030-exec-4] DEBUG com.caohao.dao.CompanyDao.queryById - ==> Parameters: comp_009(String)
2026-04-15 15:22:45.893 [http-nio-3030-exec-10] DEBUG com.caohao.dao.CompanyDao.queryById - <==      Total: 1
2026-04-15 15:22:45.893 [http-nio-3030-exec-4] DEBUG com.caohao.dao.CompanyDao.queryById - <==      Total: 1
2026-04-15 15:22:45.895 [http-nio-3030-exec-10] DEBUG com.caohao.dao.CompanyDao.queryById - ==>  Preparing: select id, company_number, name, description, user_id, create_time, update_time, status, processor, reply_time, reply_content, number, category, nature, company_logo, view_count from company where id = ?
2026-04-15 15:22:45.895 [http-nio-3030-exec-4] DEBUG com.caohao.dao.CompanyDao.queryById - ==>  Preparing: select id, company_number, name, description, user_id, create_time, update_time, status, processor, reply_time, reply_content, number, category, nature, company_logo, view_count from company where id = ?
2026-04-15 15:22:45.896 [http-nio-3030-exec-4] DEBUG com.caohao.dao.CompanyDao.queryById - ==> Parameters: comp_008(String)
2026-04-15 15:22:45.896 [http-nio-3030-exec-10] DEBUG com.caohao.dao.CompanyDao.queryById - ==> Parameters: comp_008(String)
2026-04-15 15:22:45.896 [http-nio-3030-exec-4] DEBUG com.caohao.dao.CompanyDao.queryById - <==      Total: 1
2026-04-15 15:22:45.896 [http-nio-3030-exec-10] DEBUG com.caohao.dao.CompanyDao.queryById - <==      Total: 1
2026-04-15 15:22:45.897 [http-nio-3030-exec-4] DEBUG com.caohao.dao.CompanyDao.queryById - ==>  Preparing: select id, company_number, name, description, user_id, create_time, update_time, status, processor, reply_time, reply_content, number, category, nature, company_logo, view_count from company where id = ?
2026-04-15 15:22:45.898 [http-nio-3030-exec-4] DEBUG com.caohao.dao.CompanyDao.queryById - ==> Parameters: comp_008(String)
2026-04-15 15:22:45.898 [http-nio-3030-exec-4] DEBUG com.caohao.dao.CompanyDao.queryById - <==      Total: 1
